Mon Jul 17 2023, - , 2: 20: 22   [right meow!] error: global error handler [
  {
    "code": "invalid_type",
    "expected": "string",
    "received": "undefined",
    "path": [
      "body",
      "role"
    ],
    "message": "role is required"
  }
]
Mon Jul 17 2023, - , 2: 20: 32   [right meow!] error: global error handler [
  {
    "code": "invalid_type",
    "expected": "string",
    "received": "undefined",
    "path": [
      "body",
      "role"
    ],
    "message": "role is required"
  }
]
Mon Jul 17 2023, - , 2: 20: 52   [right meow!] error: global error handler [
  {
    "code": "invalid_type",
    "expected": "string",
    "received": "undefined",
    "path": [
      "body",
      "role"
    ],
    "message": "role is required"
  }
]
